<?xml version="1.0" encoding="UTF-8"?>
<robot generator="Robot 3.2.2 (Python 3.9.1 on darwin)" generated="20211209 22:08:34.985" rpa="false">
<suite id="s1" name="testCase" source="/Users/kadsat/Desktop/robotframework-container/testCase.robot">
<test id="s1-t1" name="Sample Test">
<kw name="Log" library="BuiltIn">
<doc>Logs the given message with the given level.</doc>
<arguments>
<arg>hello</arg>
</arguments>
<msg timestamp="20211209 22:08:35.112" level="INFO">hello</msg>
<status status="PASS" starttime="20211209 22:08:35.112" endtime="20211209 22:08:35.112"></status>
</kw>
<kw name="Open Browser" library="SeleniumLibrary">
<doc>Opens a new browser instance to the optional ``url``.</doc>
<arguments>
<arg>url=https://www.google.com</arg>
<arg>remote_url=http://localhost:4444/wd/hub</arg>
</arguments>
<msg timestamp="20211209 22:08:35.112" level="INFO">Opening browser 'firefox' to base url 'https://www.google.com' through remote server at 'http://localhost:4444/wd/hub'.</msg>
<kw name="Capture Page Screenshot" library="SeleniumLibrary">
<doc>Takes a screenshot of the current page and embeds it into a log file.</doc>
<status status="FAIL" starttime="20211209 22:10:22.732" endtime="20211209 22:10:22.732"></status>
</kw>
<msg timestamp="20211209 22:10:22.732" level="WARN">Keyword 'Capture Page Screenshot' could not be run on failure: Execution terminated by signal</msg>
<status status="FAIL" starttime="20211209 22:08:35.112" endtime="20211209 22:10:22.733"></status>
</kw>
<status status="FAIL" starttime="20211209 22:08:35.112" endtime="20211209 22:10:22.733" critical="yes">Execution terminated by signal</status>
</test>
<status status="FAIL" starttime="20211209 22:08:34.987" endtime="20211209 22:10:22.735"></status>
</suite>
<statistics>
<total>
<stat pass="0" fail="1">Critical Tests</stat>
<stat pass="0" fail="1">All Tests</stat>
</total>
<tag>
</tag>
<suite>
<stat pass="0" fail="1" id="s1" name="testCase">testCase</stat>
</suite>
</statistics>
<errors>
<msg timestamp="20211209 22:10:22.732" level="WARN">Keyword 'Capture Page Screenshot' could not be run on failure: Execution terminated by signal</msg>
</errors>
</robot>
